<?xml version="1.0" encoding="UTF-8"?>
<!-- Generated by org.testng.reporters.JUnitReportReporter -->
<testsuite skipped="0" hostname="EPBYMINW2702" name="by.epam.gmailAutomation.test.ShouldCheckMessageInSpamFolder" tests="1" failures="0" timestamp="23 Nov 2016 08:25:54 GMT" time="62.246" errors="0">
  <testcase name="signIn" time="62.246" classname="by.epam.gmailAutomation.test.ShouldCheckMessageInSpamFolder"/>
</testsuite> <!-- by.epam.gmailAutomation.test.ShouldCheckMessageInSpamFolder -->
