<?xml version="1.0" encoding="UTF-8"?>
<!-- Generated by org.testng.reporters.JUnitReportReporter -->
<testsuite skipped="0" hostname="EPBYMINW2702" name="by.epam.gmailAutomation.test.ShouldCheckLetterFromUser1" tests="1" failures="0" timestamp="25 Nov 2016 13:35:03 GMT" time="41.817" errors="0">
  <testcase name="popImapSettings" time="41.817" classname="by.epam.gmailAutomation.test.ShouldCheckLetterFromUser1"/>
</testsuite> <!-- by.epam.gmailAutomation.test.ShouldCheckLetterFromUser1 -->
